<?xml version="1.0" encoding="UTF-8"?>
<coverage generated="1589497131826" clover="3.2.0">
  <project timestamp="1589497131826" name="All files">
    <metrics statements="76" coveredstatements="50" conditionals="43" coveredconditionals="14" methods="29" coveredmethods="19" elements="148" coveredelements="83" complexity="0" loc="76" ncloc="76" packages="1" files="3" classes="3"/>
    <file name="operations.js" path="C:\Users\steph\OneDrive\Desktop\IS219_Project2\operations.js">
      <metrics statements="17" coveredstatements="8" conditionals="20" coveredconditionals="5" methods="8" coveredmethods="4"/>
      <line num="1" count="1" type="stmt"/>
      <line num="3" count="5" type="stmt"/>
      <line num="4" count="500" type="cond" truecount="1" falsecount="1"/>
      <line num="6" count="500" type="stmt"/>
      <line num="10" count="0" type="cond" truecount="0" falsecount="2"/>
      <line num="12" count="0" type="stmt"/>
      <line num="15" count="0" type="cond" truecount="0" falsecount="2"/>
      <line num="16" count="0" type="cond" truecount="0" falsecount="4"/>
      <line num="18" count="0" type="stmt"/>
      <line num="21" count="0" type="cond" truecount="0" falsecount="2"/>
      <line num="23" count="0" type="stmt"/>
      <line num="24" count="0" type="cond" truecount="0" falsecount="2"/>
      <line num="26" count="0" type="stmt"/>
      <line num="30" count="200" type="cond" truecount="1" falsecount="1"/>
      <line num="32" count="200" type="stmt"/>
      <line num="35" count="1" type="cond" truecount="3" falsecount="1"/>
      <line num="37" count="1" type="stmt"/>
    </file>
    <file name="random.js" path="C:\Users\steph\OneDrive\Desktop\IS219_Project2\random.js">
      <metrics statements="14" coveredstatements="1" conditionals="9" coveredconditionals="0" methods="5" coveredmethods="0"/>
      <line num="1" count="1" type="stmt"/>
      <line num="3" count="0" type="stmt"/>
      <line num="5" count="0" type="cond" truecount="0" falsecount="2"/>
      <line num="8" count="0" type="stmt"/>
      <line num="10" count="0" type="stmt"/>
      <line num="11" count="0" type="stmt"/>
      <line num="14" count="0" type="stmt"/>
      <line num="17" count="0" type="cond" truecount="0" falsecount="2"/>
      <line num="18" count="0" type="stmt"/>
      <line num="21" count="0" type="stmt"/>
      <line num="23" count="0" type="cond" truecount="0" falsecount="2"/>
      <line num="25" count="0" type="stmt"/>
      <line num="26" count="0" type="stmt"/>
      <line num="28" count="0" type="stmt"/>
    </file>
    <file name="stat.js" path="C:\Users\steph\OneDrive\Desktop\IS219_Project2\stat.js">
      <metrics statements="45" coveredstatements="41" conditionals="14" coveredconditionals="9" methods="16" coveredmethods="15"/>
      <line num="1" count="1" type="stmt"/>
      <line num="2" count="1" type="stmt"/>
      <line num="4" count="1" type="stmt"/>
      <line num="6" count="0" type="stmt"/>
      <line num="9" count="1" type="stmt"/>
      <line num="10" count="1" type="stmt"/>
      <line num="12" count="1" type="cond" truecount="1" falsecount="1"/>
      <line num="13" count="1" type="cond" truecount="1" falsecount="1"/>
      <line num="15" count="1" type="stmt"/>
      <line num="17" count="1" type="stmt"/>
      <line num="18" count="8" type="cond" truecount="1" falsecount="1"/>
      <line num="19" count="0" type="stmt"/>
      <line num="20" count="0" type="stmt"/>
      <line num="23" count="8" type="stmt"/>
      <line num="24" count="8" type="stmt"/>
      <line num="27" count="1" type="stmt"/>
      <line num="30" count="5" type="stmt"/>
      <line num="33" count="1" type="stmt"/>
      <line num="34" count="536" type="stmt"/>
      <line num="35" count="1" type="cond" truecount="1" falsecount="1"/>
      <line num="38" count="1" type="stmt"/>
      <line num="40" count="1" type="stmt"/>
      <line num="41" count="100" type="cond" truecount="2" falsecount="0"/>
      <line num="42" count="100" type="stmt"/>
      <line num="43" count="100" type="stmt"/>
      <line num="46" count="1" type="stmt"/>
      <line num="47" count="1" type="stmt"/>
      <line num="48" count="47" type="cond" truecount="2" falsecount="0"/>
      <line num="51" count="1" type="stmt"/>
      <line num="54" count="2" type="stmt"/>
      <line num="55" count="2" type="stmt"/>
      <line num="56" count="200" type="stmt"/>
      <line num="60" count="1" type="stmt"/>
      <line num="61" count="1" type="stmt"/>
      <line num="64" count="2" type="stmt"/>
      <line num="65" count="2" type="stmt"/>
      <line num="66" count="2" type="stmt"/>
      <line num="67" count="2" type="stmt"/>
      <line num="68" count="2" type="cond" truecount="1" falsecount="1"/>
      <line num="69" count="0" type="stmt"/>
      <line num="71" count="2" type="stmt"/>
      <line num="75" count="1" type="stmt"/>
      <line num="78" count="1" type="stmt"/>
      <line num="81" count="2" type="stmt"/>
      <line num="82" count="635" type="stmt"/>
    </file>
  </project>
</coverage>
