{"C:\\Users\\steph\\OneDrive\\Desktop\\IS219_Project2\\operations.js": {"path":"C:\\Users\\steph\\OneDrive\\Desktop\\IS219_Project2\\operations.js","statementMap":{"0":{"start":{"line":1,"column":0},"end":{"line":39,"column":1}},"1":{"start":{"line":3,"column":4},"end":{"line":7,"column":9}},"2":{"start":{"line":4,"column":6},"end":{"line":4,"column":78}},"3":{"start":{"line":4,"column":37},"end":{"line":4,"column":78}},"4":{"start":{"line":6,"column":6},"end":{"line":6,"column":23}},"5":{"start":{"line":10,"column":4},"end":{"line":10,"column":72}},"6":{"start":{"line":10,"column":33},"end":{"line":10,"column":72}},"7":{"start":{"line":12,"column":4},"end":{"line":12,"column":29}},"8":{"start":{"line":15,"column":4},"end":{"line":15,"column":72}},"9":{"start":{"line":15,"column":33},"end":{"line":15,"column":72}},"10":{"start":{"line":16,"column":4},"end":{"line":16,"column":89}},"11":{"start":{"line":16,"column":44},"end":{"line":16,"column":89}},"12":{"start":{"line":18,"column":4},"end":{"line":18,"column":16}},"13":{"start":{"line":21,"column":4},"end":{"line":21,"column":72}},"14":{"start":{"line":21,"column":33},"end":{"line":21,"column":72}},"15":{"start":{"line":23,"column":4},"end":{"line":27,"column":6}},"16":{"start":{"line":24,"column":6},"end":{"line":24,"column":78}},"17":{"start":{"line":24,"column":37},"end":{"line":24,"column":78}},"18":{"start":{"line":26,"column":6},"end":{"line":26,"column":23}},"19":{"start":{"line":30,"column":4},"end":{"line":30,"column":72}},"20":{"start":{"line":30,"column":33},"end":{"line":30,"column":72}},"21":{"start":{"line":32,"column":4},"end":{"line":32,"column":17}},"22":{"start":{"line":35,"column":4},"end":{"line":35,"column":87}},"23":{"start":{"line":35,"column":42},"end":{"line":35,"column":87}},"24":{"start":{"line":37,"column":4},"end":{"line":37,"column":23}}},"fnMap":{"0":{"name":"(anonymous_0)","decl":{"start":{"line":2,"column":2},"end":{"line":2,"column":3}},"loc":{"start":{"line":2,"column":16},"end":{"line":8,"column":3}},"line":2},"1":{"name":"(anonymous_1)","decl":{"start":{"line":3,"column":23},"end":{"line":3,"column":24}},"loc":{"start":{"line":3,"column":38},"end":{"line":7,"column":5}},"line":3},"2":{"name":"(anonymous_2)","decl":{"start":{"line":9,"column":2},"end":{"line":9,"column":3}},"loc":{"start":{"line":9,"column":21},"end":{"line":13,"column":3}},"line":9},"3":{"name":"(anonymous_3)","decl":{"start":{"line":14,"column":2},"end":{"line":14,"column":3}},"loc":{"start":{"line":14,"column":16},"end":{"line":19,"column":3}},"line":14},"4":{"name":"(anonymous_4)","decl":{"start":{"line":20,"column":2},"end":{"line":20,"column":3}},"loc":{"start":{"line":20,"column":21},"end":{"line":28,"column":3}},"line":20},"5":{"name":"(anonymous_5)","decl":{"start":{"line":23,"column":24},"end":{"line":23,"column":25}},"loc":{"start":{"line":23,"column":39},"end":{"line":27,"column":5}},"line":23},"6":{"name":"(anonymous_6)","decl":{"start":{"line":29,"column":2},"end":{"line":29,"column":3}},"loc":{"start":{"line":29,"column":13},"end":{"line":33,"column":3}},"line":29},"7":{"name":"(anonymous_7)","decl":{"start":{"line":34,"column":2},"end":{"line":34,"column":3}},"loc":{"start":{"line":34,"column":11},"end":{"line":38,"column":3}},"line":34}},"branchMap":{"0":{"loc":{"start":{"line":4,"column":6},"end":{"line":4,"column":78}},"type":"if","locations":[{"start":{"line":4,"column":6},"end":{"line":4,"column":78}},{"start":{"line":4,"column":6},"end":{"line":4,"column":78}}],"line":4},"1":{"loc":{"start":{"line":10,"column":4},"end":{"line":10,"column":72}},"type":"if","locations":[{"start":{"line":10,"column":4},"end":{"line":10,"column":72}},{"start":{"line":10,"column":4},"end":{"line":10,"column":72}}],"line":10},"2":{"loc":{"start":{"line":15,"column":4},"end":{"line":15,"column":72}},"type":"if","locations":[{"start":{"line":15,"column":4},"end":{"line":15,"column":72}},{"start":{"line":15,"column":4},"end":{"line":15,"column":72}}],"line":15},"3":{"loc":{"start":{"line":16,"column":4},"end":{"line":16,"column":89}},"type":"if","locations":[{"start":{"line":16,"column":4},"end":{"line":16,"column":89}},{"start":{"line":16,"column":4},"end":{"line":16,"column":89}}],"line":16},"4":{"loc":{"start":{"line":16,"column":8},"end":{"line":16,"column":42}},"type":"binary-expr","locations":[{"start":{"line":16,"column":8},"end":{"line":16,"column":31}},{"start":{"line":16,"column":35},"end":{"line":16,"column":42}}],"line":16},"5":{"loc":{"start":{"line":21,"column":4},"end":{"line":21,"column":72}},"type":"if","locations":[{"start":{"line":21,"column":4},"end":{"line":21,"column":72}},{"start":{"line":21,"column":4},"end":{"line":21,"column":72}}],"line":21},"6":{"loc":{"start":{"line":24,"column":6},"end":{"line":24,"column":78}},"type":"if","locations":[{"start":{"line":24,"column":6},"end":{"line":24,"column":78}},{"start":{"line":24,"column":6},"end":{"line":24,"column":78}}],"line":24},"7":{"loc":{"start":{"line":30,"column":4},"end":{"line":30,"column":72}},"type":"if","locations":[{"start":{"line":30,"column":4},"end":{"line":30,"column":72}},{"start":{"line":30,"column":4},"end":{"line":30,"column":72}}],"line":30},"8":{"loc":{"start":{"line":35,"column":4},"end":{"line":35,"column":87}},"type":"if","locations":[{"start":{"line":35,"column":4},"end":{"line":35,"column":87}},{"start":{"line":35,"column":4},"end":{"line":35,"column":87}}],"line":35},"9":{"loc":{"start":{"line":35,"column":8},"end":{"line":35,"column":40}},"type":"binary-expr","locations":[{"start":{"line":35,"column":8},"end":{"line":35,"column":31}},{"start":{"line":35,"column":35},"end":{"line":35,"column":40}}],"line":35}},"s":{"0":1,"1":5,"2":500,"3":0,"4":500,"5":0,"6":0,"7":0,"8":0,"9":0,"10":0,"11":0,"12":0,"13":0,"14":0,"15":0,"16":0,"17":0,"18":0,"19":200,"20":0,"21":200,"22":1,"23":0,"24":1},"f":{"0":5,"1":500,"2":0,"3":0,"4":0,"5":0,"6":200,"7":1},"b":{"0":[0,500],"1":[0,0],"2":[0,0],"3":[0,0],"4":[0,0],"5":[0,0],"6":[0,0],"7":[0,200],"8":[0,1],"9":[1,1]},"_coverageSchema":"1a1c01bbd47fc00a2c39e90264f33305004495a9","hash":"ed6ded9065a8e99f864473990958ba8f156d8f4d"}
,"C:\\Users\\steph\\OneDrive\\Desktop\\IS219_Project2\\random.js": {"path":"C:\\Users\\steph\\OneDrive\\Desktop\\IS219_Project2\\random.js","statementMap":{"0":{"start":{"line":1,"column":0},"end":{"line":30,"column":1}},"1":{"start":{"line":3,"column":16},"end":{"line":3,"column":49}},"2":{"start":{"line":5,"column":4},"end":{"line":5,"column":38}},"3":{"start":{"line":8,"column":16},"end":{"line":8,"column":18}},"4":{"start":{"line":10,"column":4},"end":{"line":12,"column":5}},"5":{"start":{"line":10,"column":17},"end":{"line":10,"column":18}},"6":{"start":{"line":11,"column":6},"end":{"line":11,"column":40}},"7":{"start":{"line":14,"column":4},"end":{"line":14,"column":14}},"8":{"start":{"line":17,"column":4},"end":{"line":17,"column":65}},"9":{"start":{"line":17,"column":26},"end":{"line":17,"column":65}},"10":{"start":{"line":18,"column":4},"end":{"line":18,"column":40}},"11":{"start":{"line":21,"column":19},"end":{"line":21,"column":28}},"12":{"start":{"line":23,"column":4},"end":{"line":23,"column":74}},"13":{"start":{"line":23,"column":24},"end":{"line":23,"column":74}},"14":{"start":{"line":25,"column":4},"end":{"line":25,"column":66}},"15":{"start":{"line":25,"column":30},"end":{"line":25,"column":66}},"16":{"start":{"line":26,"column":4},"end":{"line":26,"column":23}},"17":{"start":{"line":28,"column":4},"end":{"line":28,"column":41}},"18":{"start":{"line":28,"column":34},"end":{"line":28,"column":40}}},"fnMap":{"0":{"name":"(anonymous_0)","decl":{"start":{"line":2,"column":2},"end":{"line":2,"column":3}},"loc":{"start":{"line":2,"column":30},"end":{"line":6,"column":3}},"line":2},"1":{"name":"(anonymous_1)","decl":{"start":{"line":7,"column":2},"end":{"line":7,"column":3}},"loc":{"start":{"line":7,"column":41},"end":{"line":15,"column":3}},"line":7},"2":{"name":"(anonymous_2)","decl":{"start":{"line":16,"column":2},"end":{"line":16,"column":3}},"loc":{"start":{"line":16,"column":16},"end":{"line":19,"column":3}},"line":16},"3":{"name":"(anonymous_3)","decl":{"start":{"line":20,"column":2},"end":{"line":20,"column":3}},"loc":{"start":{"line":20,"column":20},"end":{"line":29,"column":3}},"line":20},"4":{"name":"(anonymous_4)","decl":{"start":{"line":28,"column":27},"end":{"line":28,"column":28}},"loc":{"start":{"line":28,"column":34},"end":{"line":28,"column":40}},"line":28}},"branchMap":{"0":{"loc":{"start":{"line":2,"column":18},"end":{"line":2,"column":28}},"type":"default-arg","locations":[{"start":{"line":2,"column":24},"end":{"line":2,"column":28}}],"line":2},"1":{"loc":{"start":{"line":5,"column":11},"end":{"line":5,"column":38}},"type":"cond-expr","locations":[{"start":{"line":5,"column":17},"end":{"line":5,"column":32}},{"start":{"line":5,"column":35},"end":{"line":5,"column":38}}],"line":5},"2":{"loc":{"start":{"line":7,"column":22},"end":{"line":7,"column":27}},"type":"default-arg","locations":[{"start":{"line":7,"column":26},"end":{"line":7,"column":27}}],"line":7},"3":{"loc":{"start":{"line":7,"column":29},"end":{"line":7,"column":39}},"type":"default-arg","locations":[{"start":{"line":7,"column":35},"end":{"line":7,"column":39}}],"line":7},"4":{"loc":{"start":{"line":17,"column":4},"end":{"line":17,"column":65}},"type":"if","locations":[{"start":{"line":17,"column":4},"end":{"line":17,"column":65}},{"start":{"line":17,"column":4},"end":{"line":17,"column":65}}],"line":17},"5":{"loc":{"start":{"line":23,"column":4},"end":{"line":23,"column":74}},"type":"if","locations":[{"start":{"line":23,"column":4},"end":{"line":23,"column":74}},{"start":{"line":23,"column":4},"end":{"line":23,"column":74}}],"line":23}},"s":{"0":1,"1":0,"2":0,"3":0,"4":0,"5":0,"6":0,"7":0,"8":0,"9":0,"10":0,"11":0,"12":0,"13":0,"14":0,"15":0,"16":0,"17":0,"18":0},"f":{"0":0,"1":0,"2":0,"3":0,"4":0},"b":{"0":[0],"1":[0,0],"2":[0],"3":[0],"4":[0,0],"5":[0,0]},"_coverageSchema":"1a1c01bbd47fc00a2c39e90264f33305004495a9","hash":"4e355aeba9b4983947f9de9196f4c87030f0872d"}
,"C:\\Users\\steph\\OneDrive\\Desktop\\IS219_Project2\\stat.js": {"path":"C:\\Users\\steph\\OneDrive\\Desktop\\IS219_Project2\\stat.js","statementMap":{"0":{"start":{"line":1,"column":12},"end":{"line":1,"column":35}},"1":{"start":{"line":2,"column":13},"end":{"line":2,"column":32}},"2":{"start":{"line":4,"column":0},"end":{"line":85,"column":1}},"3":{"start":{"line":6,"column":4},"end":{"line":6,"column":32}},"4":{"start":{"line":9,"column":16},"end":{"line":9,"column":18}},"5":{"start":{"line":10,"column":16},"end":{"line":10,"column":25}},"6":{"start":{"line":12,"column":4},"end":{"line":12,"column":80}},"7":{"start":{"line":12,"column":24},"end":{"line":12,"column":80}},"8":{"start":{"line":13,"column":4},"end":{"line":13,"column":55}},"9":{"start":{"line":13,"column":16},"end":{"line":13,"column":55}},"10":{"start":{"line":15,"column":19},"end":{"line":15,"column":45}},"11":{"start":{"line":17,"column":4},"end":{"line":25,"column":5}},"12":{"start":{"line":17,"column":17},"end":{"line":17,"column":23}},"13":{"start":{"line":18,"column":6},"end":{"line":21,"column":7}},"14":{"start":{"line":19,"column":8},"end":{"line":19,"column":11}},"15":{"start":{"line":20,"column":8},"end":{"line":20,"column":16}},"16":{"start":{"line":23,"column":6},"end":{"line":23,"column":22}},"17":{"start":{"line":24,"column":6},"end":{"line":24,"column":16}},"18":{"start":{"line":27,"column":4},"end":{"line":27,"column":14}},"19":{"start":{"line":30,"column":4},"end":{"line":30,"column":39}},"20":{"start":{"line":33,"column":16},"end":{"line":33,"column":42}},"21":{"start":{"line":34,"column":17},"end":{"line":34,"column":47}},"22":{"start":{"line":34,"column":41},"end":{"line":34,"column":46}},"23":{"start":{"line":35,"column":4},"end":{"line":35,"column":77}},"24":{"start":{"line":38,"column":16},"end":{"line":38,"column":18}},"25":{"start":{"line":40,"column":16},"end":{"line":44,"column":10}},"26":{"start":{"line":41,"column":6},"end":{"line":41,"column":39}},"27":{"start":{"line":41,"column":26},"end":{"line":41,"column":39}},"28":{"start":{"line":42,"column":6},"end":{"line":42,"column":17}},"29":{"start":{"line":43,"column":6},"end":{"line":43,"column":16}},"30":{"start":{"line":46,"column":16},"end":{"line":46,"column":56}},"31":{"start":{"line":47,"column":4},"end":{"line":49,"column":6}},"32":{"start":{"line":48,"column":6},"end":{"line":48,"column":45}},"33":{"start":{"line":48,"column":26},"end":{"line":48,"column":45}},"34":{"start":{"line":51,"column":4},"end":{"line":51,"column":14}},"35":{"start":{"line":54,"column":20},"end":{"line":54,"column":34}},"36":{"start":{"line":55,"column":4},"end":{"line":57,"column":8}},"37":{"start":{"line":56,"column":6},"end":{"line":56,"column":40}},"38":{"start":{"line":60,"column":19},"end":{"line":60,"column":37}},"39":{"start":{"line":61,"column":4},"end":{"line":61,"column":30}},"40":{"start":{"line":64,"column":4},"end":{"line":64,"column":29}},"41":{"start":{"line":65,"column":14},"end":{"line":65,"column":36}},"42":{"start":{"line":66,"column":15},"end":{"line":66,"column":30}},"43":{"start":{"line":67,"column":15},"end":{"line":67,"column":25}},"44":{"start":{"line":68,"column":4},"end":{"line":72,"column":5}},"45":{"start":{"line":69,"column":6},"end":{"line":69,"column":58}},"46":{"start":{"line":71,"column":6},"end":{"line":71,"column":22}},"47":{"start":{"line":75,"column":4},"end":{"line":75,"column":36}},"48":{"start":{"line":78,"column":4},"end":{"line":78,"column":36}},"49":{"start":{"line":81,"column":4},"end":{"line":83,"column":6}},"50":{"start":{"line":82,"column":6},"end":{"line":82,"column":19}}},"fnMap":{"0":{"name":"(anonymous_0)","decl":{"start":{"line":5,"column":2},"end":{"line":5,"column":3}},"loc":{"start":{"line":5,"column":18},"end":{"line":7,"column":3}},"line":5},"1":{"name":"(anonymous_1)","decl":{"start":{"line":8,"column":2},"end":{"line":8,"column":3}},"loc":{"start":{"line":8,"column":21},"end":{"line":28,"column":3}},"line":8},"2":{"name":"(anonymous_2)","decl":{"start":{"line":29,"column":2},"end":{"line":29,"column":3}},"loc":{"start":{"line":29,"column":13},"end":{"line":31,"column":3}},"line":29},"3":{"name":"(anonymous_3)","decl":{"start":{"line":32,"column":2},"end":{"line":32,"column":3}},"loc":{"start":{"line":32,"column":15},"end":{"line":36,"column":3}},"line":32},"4":{"name":"(anonymous_4)","decl":{"start":{"line":34,"column":31},"end":{"line":34,"column":32}},"loc":{"start":{"line":34,"column":41},"end":{"line":34,"column":46}},"line":34},"5":{"name":"(anonymous_5)","decl":{"start":{"line":37,"column":2},"end":{"line":37,"column":3}},"loc":{"start":{"line":37,"column":13},"end":{"line":52,"column":3}},"line":37},"6":{"name":"(anonymous_6)","decl":{"start":{"line":40,"column":27},"end":{"line":40,"column":28}},"loc":{"start":{"line":40,"column":48},"end":{"line":44,"column":5}},"line":40},"7":{"name":"(anonymous_7)","decl":{"start":{"line":47,"column":29},"end":{"line":47,"column":30}},"loc":{"start":{"line":47,"column":36},"end":{"line":49,"column":5}},"line":47},"8":{"name":"(anonymous_8)","decl":{"start":{"line":53,"column":2},"end":{"line":53,"column":3}},"loc":{"start":{"line":53,"column":17},"end":{"line":58,"column":3}},"line":53},"9":{"name":"(anonymous_9)","decl":{"start":{"line":55,"column":29},"end":{"line":55,"column":30}},"loc":{"start":{"line":55,"column":43},"end":{"line":57,"column":5}},"line":55},"10":{"name":"(anonymous_10)","decl":{"start":{"line":59,"column":2},"end":{"line":59,"column":3}},"loc":{"start":{"line":59,"column":21},"end":{"line":62,"column":3}},"line":59},"11":{"name":"(anonymous_11)","decl":{"start":{"line":63,"column":2},"end":{"line":63,"column":3}},"loc":{"start":{"line":63,"column":20},"end":{"line":73,"column":3}},"line":63},"12":{"name":"(anonymous_12)","decl":{"start":{"line":74,"column":2},"end":{"line":74,"column":3}},"loc":{"start":{"line":74,"column":19},"end":{"line":76,"column":3}},"line":74},"13":{"name":"(anonymous_13)","decl":{"start":{"line":77,"column":2},"end":{"line":77,"column":3}},"loc":{"start":{"line":77,"column":19},"end":{"line":79,"column":3}},"line":77},"14":{"name":"(anonymous_14)","decl":{"start":{"line":80,"column":2},"end":{"line":80,"column":3}},"loc":{"start":{"line":80,"column":17},"end":{"line":84,"column":3}},"line":80},"15":{"name":"(anonymous_15)","decl":{"start":{"line":81,"column":20},"end":{"line":81,"column":21}},"loc":{"start":{"line":81,"column":35},"end":{"line":83,"column":5}},"line":81}},"branchMap":{"0":{"loc":{"start":{"line":12,"column":4},"end":{"line":12,"column":80}},"type":"if","locations":[{"start":{"line":12,"column":4},"end":{"line":12,"column":80}},{"start":{"line":12,"column":4},"end":{"line":12,"column":80}}],"line":12},"1":{"loc":{"start":{"line":13,"column":4},"end":{"line":13,"column":55}},"type":"if","locations":[{"start":{"line":13,"column":4},"end":{"line":13,"column":55}},{"start":{"line":13,"column":4},"end":{"line":13,"column":55}}],"line":13},"2":{"loc":{"start":{"line":18,"column":6},"end":{"line":21,"column":7}},"type":"if","locations":[{"start":{"line":18,"column":6},"end":{"line":21,"column":7}},{"start":{"line":18,"column":6},"end":{"line":21,"column":7}}],"line":18},"3":{"loc":{"start":{"line":35,"column":11},"end":{"line":35,"column":77}},"type":"cond-expr","locations":[{"start":{"line":35,"column":34},"end":{"line":35,"column":43}},{"start":{"line":35,"column":46},"end":{"line":35,"column":77}}],"line":35},"4":{"loc":{"start":{"line":41,"column":6},"end":{"line":41,"column":39}},"type":"if","locations":[{"start":{"line":41,"column":6},"end":{"line":41,"column":39}},{"start":{"line":41,"column":6},"end":{"line":41,"column":39}}],"line":41},"5":{"loc":{"start":{"line":48,"column":6},"end":{"line":48,"column":45}},"type":"if","locations":[{"start":{"line":48,"column":6},"end":{"line":48,"column":45}},{"start":{"line":48,"column":6},"end":{"line":48,"column":45}}],"line":48},"6":{"loc":{"start":{"line":68,"column":4},"end":{"line":72,"column":5}},"type":"if","locations":[{"start":{"line":68,"column":4},"end":{"line":72,"column":5}},{"start":{"line":68,"column":4},"end":{"line":72,"column":5}}],"line":68}},"s":{"0":1,"1":1,"2":1,"3":0,"4":1,"5":1,"6":1,"7":0,"8":1,"9":0,"10":1,"11":1,"12":1,"13":8,"14":0,"15":0,"16":8,"17":8,"18":1,"19":5,"20":1,"21":1,"22":536,"23":1,"24":1,"25":1,"26":100,"27":47,"28":100,"29":100,"30":1,"31":1,"32":47,"33":2,"34":1,"35":2,"36":2,"37":200,"38":1,"39":1,"40":2,"41":2,"42":2,"43":2,"44":2,"45":0,"46":2,"47":1,"48":1,"49":2,"50":635},"f":{"0":0,"1":1,"2":5,"3":1,"4":536,"5":1,"6":100,"7":47,"8":2,"9":200,"10":1,"11":2,"12":1,"13":1,"14":2,"15":635},"b":{"0":[0,1],"1":[0,1],"2":[0,8],"3":[0,1],"4":[47,53],"5":[2,45],"6":[0,2]},"_coverageSchema":"1a1c01bbd47fc00a2c39e90264f33305004495a9","hash":"cc55f59dd566bbfc9a35b48a9bbe351a7d4aae8d"}
}
