TN:
SF:operations.js
FN:2,(anonymous_0)
FN:3,(anonymous_1)
FN:9,(anonymous_2)
FN:14,(anonymous_3)
FN:20,(anonymous_4)
FN:23,(anonymous_5)
FN:29,(anonymous_6)
FN:34,(anonymous_7)
FNF:8
FNH:4
FNDA:5,(anonymous_0)
FNDA:500,(anonymous_1)
FNDA:0,(anonymous_2)
FNDA:0,(anonymous_3)
FNDA:0,(anonymous_4)
FNDA:0,(anonymous_5)
FNDA:200,(anonymous_6)
FNDA:1,(anonymous_7)
DA:1,1
DA:3,5
DA:4,500
DA:6,500
DA:10,0
DA:12,0
DA:15,0
DA:16,0
DA:18,0
DA:21,0
DA:23,0
DA:24,0
DA:26,0
DA:30,200
DA:32,200
DA:35,1
DA:37,1
LF:17
LH:8
BRDA:4,0,0,0
BRDA:4,0,1,500
BRDA:10,1,0,0
BRDA:10,1,1,0
BRDA:15,2,0,0
BRDA:15,2,1,0
BRDA:16,3,0,0
BRDA:16,3,1,0
BRDA:16,4,0,0
BRDA:16,4,1,0
BRDA:21,5,0,0
BRDA:21,5,1,0
BRDA:24,6,0,0
BRDA:24,6,1,0
BRDA:30,7,0,0
BRDA:30,7,1,200
BRDA:35,8,0,0
BRDA:35,8,1,1
BRDA:35,9,0,1
BRDA:35,9,1,1
BRF:20
BRH:5
end_of_record
TN:
SF:random.js
FN:2,(anonymous_0)
FN:7,(anonymous_1)
FN:16,(anonymous_2)
FN:20,(anonymous_3)
FN:28,(anonymous_4)
FNF:5
FNH:0
FNDA:0,(anonymous_0)
FNDA:0,(anonymous_1)
FNDA:0,(anonymous_2)
FNDA:0,(anonymous_3)
FNDA:0,(anonymous_4)
DA:1,1
DA:3,0
DA:5,0
DA:8,0
DA:10,0
DA:11,0
DA:14,0
DA:17,0
DA:18,0
DA:21,0
DA:23,0
DA:25,0
DA:26,0
DA:28,0
LF:14
LH:1
BRDA:2,0,0,0
BRDA:5,1,0,0
BRDA:5,1,1,0
BRDA:7,2,0,0
BRDA:7,3,0,0
BRDA:17,4,0,0
BRDA:17,4,1,0
BRDA:23,5,0,0
BRDA:23,5,1,0
BRF:9
BRH:0
end_of_record
TN:
SF:stat.js
FN:5,(anonymous_0)
FN:8,(anonymous_1)
FN:29,(anonymous_2)
FN:32,(anonymous_3)
FN:34,(anonymous_4)
FN:37,(anonymous_5)
FN:40,(anonymous_6)
FN:47,(anonymous_7)
FN:53,(anonymous_8)
FN:55,(anonymous_9)
FN:59,(anonymous_10)
FN:63,(anonymous_11)
FN:74,(anonymous_12)
FN:77,(anonymous_13)
FN:80,(anonymous_14)
FN:81,(anonymous_15)
FNF:16
FNH:15
FNDA:0,(anonymous_0)
FNDA:1,(anonymous_1)
FNDA:5,(anonymous_2)
FNDA:1,(anonymous_3)
FNDA:536,(anonymous_4)
FNDA:1,(anonymous_5)
FNDA:100,(anonymous_6)
FNDA:47,(anonymous_7)
FNDA:2,(anonymous_8)
FNDA:200,(anonymous_9)
FNDA:1,(anonymous_10)
FNDA:2,(anonymous_11)
FNDA:1,(anonymous_12)
FNDA:1,(anonymous_13)
FNDA:2,(anonymous_14)
FNDA:635,(anonymous_15)
DA:1,1
DA:2,1
DA:4,1
DA:6,0
DA:9,1
DA:10,1
DA:12,1
DA:13,1
DA:15,1
DA:17,1
DA:18,8
DA:19,0
DA:20,0
DA:23,8
DA:24,8
DA:27,1
DA:30,5
DA:33,1
DA:34,536
DA:35,1
DA:38,1
DA:40,1
DA:41,100
DA:42,100
DA:43,100
DA:46,1
DA:47,1
DA:48,47
DA:51,1
DA:54,2
DA:55,2
DA:56,200
DA:60,1
DA:61,1
DA:64,2
DA:65,2
DA:66,2
DA:67,2
DA:68,2
DA:69,0
DA:71,2
DA:75,1
DA:78,1
DA:81,2
DA:82,635
LF:45
LH:41
BRDA:12,0,0,0
BRDA:12,0,1,1
BRDA:13,1,0,0
BRDA:13,1,1,1
BRDA:18,2,0,0
BRDA:18,2,1,8
BRDA:35,3,0,0
BRDA:35,3,1,1
BRDA:41,4,0,47
BRDA:41,4,1,53
BRDA:48,5,0,2
BRDA:48,5,1,45
BRDA:68,6,0,0
BRDA:68,6,1,2
BRF:14
BRH:9
end_of_record
